2021-07-05T20:20:12+00:00 CRITICAL Uncaught Error: Call to undefined method Automattic\Jetpack\Connection\Manager::is_site_connection() in C:\xampp\htdocs\vanillastoreuio\wp-content\plugins\jetpack\class.jetpack.php:2026
Stack trace:
#0 C:\xampp\htdocs\vanillastoreuio\wp-content\plugins\jetpack\class.jetpack.php(3425): Jetpack::load_modules()
#1 C:\xampp\htdocs\vanillastoreuio\wp-content\plugins\jetpack\class.jetpack.php(3318): Jetpack::plugin_initialize()
#2 C:\xampp\htdocs\vanillastoreuio\wp-includes\class-wp-hook.php(292): Jetpack::plugin_activation(false)
#3 C:\xampp\htdocs\vanillastoreuio\wp-includes\class-wp-hook.php(316): WP_Hook->apply_filters('', Array)
#4 C:\xampp\htdocs\vanillastoreuio\wp-includes\plugin.php(484): WP_Hook->do_action(Array)
#5 C:\xampp\htdocs\vanillastoreuio\wp-admin\includes\plugin.php(701): do_action('activate_jetpac...', false)
#6 C:\xampp\htdocs\vanillastoreuio\wp-content\plugins\woocommerce\packages\woocommerce-admin\src\API\Plugins.php(403): activate_plugin('jetpack/jetpack...')
#7 C:\xampp\htdocs\vanillastoreuio\wp-includes\rest-api\class-wp-rest-server.php(1139): Automattic\WooCommerce\Admin\API\Plugins->activate_plugins(Object(WP_REST_Request))
#8 C:\xampp\htdocs\vanillastoreuio\wp-includes\rest-api\class-wp-rest-server.php(985): WP_REST_Server->respond_to_request(Object(WP_REST_Request), '/wc-admin/plugi...', Array, NULL)
#9 C:\xampp\htdocs\vanillastoreuio\wp-includes\rest-api\class-wp-rest-server.php(412): WP_REST_Server->dispatch(Object(WP_REST_Request))
#10 C:\xampp\htdocs\vanillastoreuio\wp-includes\rest-api.php(354): WP_REST_Server->serve_request('/wc-admin/plugi...')
#11 C:\xampp\htdocs\vanillastoreuio\wp-includes\class-wp-hook.php(292): rest_api_loaded(Object(WP))
#12 C:\xampp\htdocs\vanillastoreuio\wp-includes\class-wp-hook.php(316): WP_Hook->apply_filters(NULL, Array)
#13 C:\xampp\htdocs\vanillastoreuio\wp-includes\plugin.php(551): WP_Hook->do_action(Array)
#14 C:\xampp\htdocs\vanillastoreuio\wp-includes\class-wp.php(388): do_action_ref_array('parse_request', Array)
#15 C:\xampp\htdocs\vanillastoreuio\wp-includes\class-wp.php(750): WP->parse_request('')
#16 C:\xampp\htdocs\vanillastoreuio\wp-includes\functions.php(1291): WP->main('')
#17 C:\xampp\htdocs\vanillastoreuio\wp-blog-header.php(16): wp()
#18 C:\xampp\htdocs\vanillastoreuio\index.php(17): require('C:\\xampp\\htdocs...')
#19 {main}
  thrown en C:\xampp\htdocs\vanillastoreuio\wp-content\plugins\jetpack\class.jetpack.php en la línea 2026

