********************************************************************************
DUPLICATOR-LITE PACKAGE-LOG: 10 de July de 2021 11:18
NOTICE: Do NOT post to public sites or forums 
********************************************************************************
VERSION:	1.4.2
WORDPRESS:	5.7.2
PHP INFO:	8.0.7 | SAPI: apache2handler
SERVER:		Apache/2.4.48 (Win64) OpenSSL/1.1.1k PHP/8.0.7 
PHP TIME LIMIT: (0) no time limit imposed 
PHP MAX MEMORY: 4294967296 (512M default) 
MEMORY STACK: 8MB

********************************************************************************
DATABASE:
********************************************************************************
BUILD MODE:   MYSQLDUMP
MYSQLTIMEOUT: 5000
MYSQLDUMP:    Is Supported
SQL CREATED: 20210710_1_vanillastoreuio_03d1da6b972e76eb2579_20210710111750_database.sql
SQL FILE SIZE: 10.01MB (10496775)
SQL FILE TIME: 2021-07-10 11:18:38
SQL RUNTIME: 14.91 sec.

********************************************************************************
ARCHIVE (ZIP):
********************************************************************************
ARCHIVE DIR:  C:/xampp/htdocs/VStester
ARCHIVE FILE: 20210710_1_vanillastoreuio_03d1da6b972e76eb2579_20210710111750_archive.zip
FILTERS: *OFF*
DIRS:
	not set
FILES:
	not set
EXTS:  not set
----------------------------------------
COMPRESSING
SIZE:	378.85MB
STATS:	Dirs 2,991 | Files 14,798
SQL ADDED: 20210710_1_vanillastoreuio_03d1da6b972e76eb2579_20210710111750_database.sql
ZipArchive Object
(
    [lastId] => 17788
    [status] => 0
    [statusSys] => 0
    [numFiles] => 17789
    [filename] => C:\xampp\htdocs\VStester\wp-content\backups-dup-lite\tmp\20210710_1_vanillastoreuio_03d1da6b972e76eb2579_20210710111750_archive.zip
    [comment] => 
)

FILE ADDED TO ZIP: 17788
COMPRESSION RESULT: '1'
COMPRESSED SIZE: 191.96MB
ARCHIVE RUNTIME: 59.80 sec.
MEMORY STACK: 14MB
building installer
add_extra_files1
add_extra_files2
add_extra_files3
add_extra_files4
Doing archive file check
add_extra_files5
add_extra_files6
add_extra_files8
Successfully opened zip C:/xampp/htdocs/VStester/wp-content/backups-dup-lite/tmp/20210710_1_vanillastoreuio_03d1da6b972e76eb2579_20210710111750_archive.zip
Adding enhanced installer files to archive using ZipArchive
Installer files added to archive
Added to archive
After ziparchive close when adding installer

********************************************************************************
INTEGRITY CHECKS:
********************************************************************************
SQL FILE: 10.01MB
INSTALLER FILE: 64.27KB
ARCHIVE FILE: 193.42MB 
RECUENTO ARCHIVOS/DIRECTORIOS ESPERADOS: 17,789
RECUENTO ARCHIVOS/DIRECTORIOS ACTUALES: 17,788
PRUEBA DE CONSISTENCIA DEL ARCHIVO: Superado

********************************************************************************
RECORD ID:[2]
TOTAL PROCESS RUNTIME: 78.27 sec.
PEAK PHP MEMORY USED: 18MB
DONE PROCESSING => 20210710_1_vanillastoreuio 10 de July de 2021 11:19

