********************************************************************************
DUPLICATOR-LITE PACKAGE-LOG: 10 de July de 2021 07:03
NOTICE: Do NOT post to public sites or forums 
********************************************************************************
VERSION:	1.4.2
WORDPRESS:	5.7.2
PHP INFO:	8.0.7 | SAPI: apache2handler
SERVER:		Apache/2.4.48 (Win64) OpenSSL/1.1.1k PHP/8.0.7 
PHP TIME LIMIT: (0) no time limit imposed 
PHP MAX MEMORY: 4294967296 (512M default) 
MEMORY STACK: 16MB

********************************************************************************
DATABASE:
********************************************************************************
BUILD MODE:   MYSQLDUMP
MYSQLTIMEOUT: 5000
MYSQLDUMP:    Is Supported
SQL CREATED: 20210710_vanillastoreuio_ace85fa848ec5dfc5954_20210710065942_database.sql
SQL FILE SIZE: 10.39MB (10898132)
SQL FILE TIME: 2021-07-10 07:03:48
SQL RUNTIME: 14.00 sec.

********************************************************************************
ARCHIVE (ZIP):
********************************************************************************
ARCHIVE DIR:  C:/xampp/htdocs/vanillastoreuio
ARCHIVE FILE: 20210710_vanillastoreuio_ace85fa848ec5dfc5954_20210710065942_archive.zip
FILTERS: *OFF*
DIRS:
	not set
FILES:
	not set
EXTS:  not set
----------------------------------------
COMPRESSING
SIZE:	375.05MB
STATS:	Dirs 3,379 | Files 15,806
SQL ADDED: 20210710_vanillastoreuio_ace85fa848ec5dfc5954_20210710065942_database.sql
ZipArchive Object
(
    [lastId] => 19184
    [status] => 0
    [statusSys] => 0
    [numFiles] => 19185
    [filename] => C:\xampp\htdocs\vanillastoreuio\wp-content\backups-dup-lite\tmp\20210710_vanillastoreuio_ace85fa848ec5dfc5954_20210710065942_archive.zip
    [comment] => 
)

FILE ADDED TO ZIP: 19184
COMPRESSION RESULT: '1'
COMPRESSED SIZE: 182.83MB
ARCHIVE RUNTIME: 64.12 sec.
MEMORY STACK: 22MB
building installer
add_extra_files1
add_extra_files2
add_extra_files3
add_extra_files4
Doing archive file check
add_extra_files5
add_extra_files6
add_extra_files8
Successfully opened zip C:/xampp/htdocs/vanillastoreuio/wp-content/backups-dup-lite/tmp/20210710_vanillastoreuio_ace85fa848ec5dfc5954_20210710065942_archive.zip
Adding enhanced installer files to archive using ZipArchive
Installer files added to archive
Added to archive
After ziparchive close when adding installer

********************************************************************************
INTEGRITY CHECKS:
********************************************************************************
SQL FILE: 10.39MB
INSTALLER FILE: 64.26KB
ARCHIVE FILE: 184.32MB 
RECUENTO ARCHIVOS/DIRECTORIOS ESPERADOS: 19,185
RECUENTO ARCHIVOS/DIRECTORIOS ACTUALES: 19,184
PRUEBA DE CONSISTENCIA DEL ARCHIVO: Superado

********************************************************************************
RECORD ID:[1]
TOTAL PROCESS RUNTIME: 81.89 sec.
PEAK PHP MEMORY USED: 26MB
DONE PROCESSING => 20210710_vanillastoreuio 10 de July de 2021 07:04

